[2023-07-20 11:49:42,741] Luis-Gonzalez-Flores-MacBook-Pro/INFO/locust.main: Run time limit set to 10 seconds
[2023-07-20 11:49:42,741] Luis-Gonzalez-Flores-MacBook-Pro/INFO/locust.main: Starting Locust 2.15.1
[2023-07-20 11:49:42,745] Luis-Gonzalez-Flores-MacBook-Pro/INFO/locust.runners: Ramping to 1 users at a rate of 1.00 per second
[2023-07-20 11:49:42,745] Luis-Gonzalez-Flores-MacBook-Pro/DEBUG/locust.runners: Ramping to {"MyUser": 1} (1 total users)
[2023-07-20 11:49:42,745] Luis-Gonzalez-Flores-MacBook-Pro/DEBUG/locust.runners: Spawning additional {"MyUser": 1} ({"MyUser": 0} already running)...
[2023-07-20 11:49:42,745] Luis-Gonzalez-Flores-MacBook-Pro/DEBUG/locust.runners: 1 users spawned
[2023-07-20 11:49:42,746] Luis-Gonzalez-Flores-MacBook-Pro/DEBUG/locust.runners: All users of class MyUser spawned
[2023-07-20 11:49:42,746] Luis-Gonzalez-Flores-MacBook-Pro/DEBUG/locust.runners: 0 users have been stopped, 1 still running
[2023-07-20 11:49:42,746] Luis-Gonzalez-Flores-MacBook-Pro/INFO/locust.runners: All users spawned: {"MyUser": 1} (1 total users)
[2023-07-20 11:49:42,747] Luis-Gonzalez-Flores-MacBook-Pro/DEBUG/urllib3.connectionpool: Starting new HTTPS connection (1): www.google.com:443
[2023-07-20 11:49:43,038] Luis-Gonzalez-Flores-MacBook-Pro/DEBUG/urllib3.connectionpool: https://www.google.com:443 "GET /mail HTTP/1.1" 301 230
[2023-07-20 11:49:43,040] Luis-Gonzalez-Flores-MacBook-Pro/DEBUG/urllib3.connectionpool: Starting new HTTPS connection (1): mail.google.com:443
[2023-07-20 11:49:43,613] Luis-Gonzalez-Flores-MacBook-Pro/DEBUG/urllib3.connectionpool: https://mail.google.com:443 "GET /mail/u/0/ HTTP/1.1" 302 None
[2023-07-20 11:49:43,615] Luis-Gonzalez-Flores-MacBook-Pro/DEBUG/urllib3.connectionpool: Starting new HTTPS connection (1): accounts.google.com:443
[2023-07-20 11:49:43,941] Luis-Gonzalez-Flores-MacBook-Pro/DEBUG/urllib3.connectionpool: https://accounts.google.com:443 "GET /ServiceLogin?service=mail&passive=1209600&osid=1&continue=https://mail.google.com/mail/u/0/&followup=https://mail.google.com/mail/u/0/&emr=1 HTTP/1.1" 302 None
[2023-07-20 11:49:44,052] Luis-Gonzalez-Flores-MacBook-Pro/DEBUG/urllib3.connectionpool: https://accounts.google.com:443 "GET /InteractiveLogin?continue=https://mail.google.com/mail/u/0/&emr=1&followup=https://mail.google.com/mail/u/0/&osid=1&passive=1209600&service=mail&ifkv=AeDOFXgEMz1gM8AXW83APbZYGwCu9YWQ-bT_L2p1b1Bca19GNmvzsn-pT_-C1bBCCN9qBd_acMas HTTP/1.1" 302 586
[2023-07-20 11:49:44,154] Luis-Gonzalez-Flores-MacBook-Pro/DEBUG/urllib3.connectionpool: https://accounts.google.com:443 "GET /v3/signin/identifier?dsh=S-1777425619%3A1689875384181506&continue=https%3A%2F%2Fmail.google.com%2Fmail%2Fu%2F0%2F&emr=1&followup=https%3A%2F%2Fmail.google.com%2Fmail%2Fu%2F0%2F&ifkv=AeDOFXjMCZC39IAcRdKqthIUKmH7C9d0d2pgDwYZykr_nhjhrbbjxT_vP_lT9MpKT6QNlvKvv4Ui&osid=1&passive=1209600&service=mail&flowName=WebLiteSignIn&flowEntry=ServiceLogin HTTP/1.1" 200 None
[2023-07-20 11:49:45,339] Luis-Gonzalez-Flores-MacBook-Pro/DEBUG/urllib3.connectionpool: https://www.google.com:443 "GET /mail HTTP/1.1" 301 230
[2023-07-20 11:49:45,640] Luis-Gonzalez-Flores-MacBook-Pro/DEBUG/urllib3.connectionpool: https://mail.google.com:443 "GET /mail/u/0/ HTTP/1.1" 302 None
[2023-07-20 11:49:45,748] Luis-Gonzalez-Flores-MacBook-Pro/DEBUG/urllib3.connectionpool: https://accounts.google.com:443 "GET /ServiceLogin?service=mail&passive=1209600&osid=1&continue=https://mail.google.com/mail/u/0/&followup=https://mail.google.com/mail/u/0/&emr=1 HTTP/1.1" 302 None
[2023-07-20 11:49:45,848] Luis-Gonzalez-Flores-MacBook-Pro/DEBUG/urllib3.connectionpool: https://accounts.google.com:443 "GET /InteractiveLogin?continue=https://mail.google.com/mail/u/0/&emr=1&followup=https://mail.google.com/mail/u/0/&osid=1&passive=1209600&service=mail&ifkv=AeDOFXiygMvxKKqNDZh9xmsZd6MIe6LyVyrFHVg86NTFJS7eay17Q1M6WcAUzrrxJcJCu1R8frJ1sg HTTP/1.1" 302 587
[2023-07-20 11:49:45,950] Luis-Gonzalez-Flores-MacBook-Pro/DEBUG/urllib3.connectionpool: https://accounts.google.com:443 "GET /v3/signin/identifier?dsh=S1761786272%3A1689875385986093&continue=https%3A%2F%2Fmail.google.com%2Fmail%2Fu%2F0%2F&emr=1&followup=https%3A%2F%2Fmail.google.com%2Fmail%2Fu%2F0%2F&ifkv=AeDOFXjT2NKAwh0IQKdYLS84Yaycnn96ylmlLlmHHosfHx44D7JlgAst9MkyEWbcUkkLi-5wuEhQ1w&osid=1&passive=1209600&service=mail&flowName=WebLiteSignIn&flowEntry=ServiceLogin HTTP/1.1" 200 None
[2023-07-20 11:49:47,041] Luis-Gonzalez-Flores-MacBook-Pro/DEBUG/urllib3.connectionpool: https://www.google.com:443 "GET /mail HTTP/1.1" 301 230
[2023-07-20 11:49:47,157] Luis-Gonzalez-Flores-MacBook-Pro/DEBUG/urllib3.connectionpool: https://mail.google.com:443 "GET /mail/u/0/ HTTP/1.1" 302 None
[2023-07-20 11:49:47,255] Luis-Gonzalez-Flores-MacBook-Pro/DEBUG/urllib3.connectionpool: https://accounts.google.com:443 "GET /ServiceLogin?service=mail&passive=1209600&osid=1&continue=https://mail.google.com/mail/u/0/&followup=https://mail.google.com/mail/u/0/&emr=1 HTTP/1.1" 302 None
[2023-07-20 11:49:47,365] Luis-Gonzalez-Flores-MacBook-Pro/DEBUG/urllib3.connectionpool: https://accounts.google.com:443 "GET /InteractiveLogin?continue=https://mail.google.com/mail/u/0/&emr=1&followup=https://mail.google.com/mail/u/0/&osid=1&passive=1209600&service=mail&ifkv=AeDOFXj9qiRXiFm9-cr3zvcDtKCZV58XOw9FdRs0ESeiGzmi8VDR5iT6A1skdsZJQnqB656xih5Gig HTTP/1.1" 302 588
[2023-07-20 11:49:47,470] Luis-Gonzalez-Flores-MacBook-Pro/DEBUG/urllib3.connectionpool: https://accounts.google.com:443 "GET /v3/signin/identifier?dsh=S-1660590712%3A1689875387497597&continue=https%3A%2F%2Fmail.google.com%2Fmail%2Fu%2F0%2F&emr=1&followup=https%3A%2F%2Fmail.google.com%2Fmail%2Fu%2F0%2F&ifkv=AeDOFXiaaG_me6eLh0P3hyRFw6a5wgNktk-d1RN7fBQU3Gw5Xb4y21pq9EZzTaPhzTF4VtMRCkLihA&osid=1&passive=1209600&service=mail&flowName=WebLiteSignIn&flowEntry=ServiceLogin HTTP/1.1" 200 None
[2023-07-20 11:49:48,557] Luis-Gonzalez-Flores-MacBook-Pro/DEBUG/urllib3.connectionpool: https://www.google.com:443 "GET /mail HTTP/1.1" 301 230
[2023-07-20 11:49:48,689] Luis-Gonzalez-Flores-MacBook-Pro/DEBUG/urllib3.connectionpool: https://mail.google.com:443 "GET /mail/u/0/ HTTP/1.1" 302 None
[2023-07-20 11:49:48,783] Luis-Gonzalez-Flores-MacBook-Pro/DEBUG/urllib3.connectionpool: https://accounts.google.com:443 "GET /ServiceLogin?service=mail&passive=1209600&osid=1&continue=https://mail.google.com/mail/u/0/&followup=https://mail.google.com/mail/u/0/&emr=1 HTTP/1.1" 302 None
[2023-07-20 11:49:48,886] Luis-Gonzalez-Flores-MacBook-Pro/DEBUG/urllib3.connectionpool: https://accounts.google.com:443 "GET /InteractiveLogin?continue=https://mail.google.com/mail/u/0/&emr=1&followup=https://mail.google.com/mail/u/0/&osid=1&passive=1209600&service=mail&ifkv=AeDOFXiNXBfPjoYIce9luCvGNPPkg-L2sxQHL1-ExbI4KlnSRn9LMPqx-us_gDXSU1sOinn2BhmhUQ HTTP/1.1" 302 585
[2023-07-20 11:49:48,997] Luis-Gonzalez-Flores-MacBook-Pro/DEBUG/urllib3.connectionpool: https://accounts.google.com:443 "GET /v3/signin/identifier?dsh=S1309498388%3A1689875389023265&continue=https%3A%2F%2Fmail.google.com%2Fmail%2Fu%2F0%2F&emr=1&followup=https%3A%2F%2Fmail.google.com%2Fmail%2Fu%2F0%2F&ifkv=AeDOFXgi2YWyvgkX3EZj4Bku-8Op-M_XbGRkovwSddrjC6smCHlU34GBn6p3K3QZNTr78BWeFxGR&osid=1&passive=1209600&service=mail&flowName=WebLiteSignIn&flowEntry=ServiceLogin HTTP/1.1" 200 None
[2023-07-20 11:49:50,111] Luis-Gonzalez-Flores-MacBook-Pro/DEBUG/urllib3.connectionpool: https://www.google.com:443 "GET /mail HTTP/1.1" 301 230
[2023-07-20 11:49:50,321] Luis-Gonzalez-Flores-MacBook-Pro/DEBUG/urllib3.connectionpool: https://mail.google.com:443 "GET /mail/u/0/ HTTP/1.1" 302 None
[2023-07-20 11:49:50,414] Luis-Gonzalez-Flores-MacBook-Pro/DEBUG/urllib3.connectionpool: https://accounts.google.com:443 "GET /ServiceLogin?service=mail&passive=1209600&osid=1&continue=https://mail.google.com/mail/u/0/&followup=https://mail.google.com/mail/u/0/&emr=1 HTTP/1.1" 302 None
[2023-07-20 11:49:50,512] Luis-Gonzalez-Flores-MacBook-Pro/DEBUG/urllib3.connectionpool: https://accounts.google.com:443 "GET /InteractiveLogin?continue=https://mail.google.com/mail/u/0/&emr=1&followup=https://mail.google.com/mail/u/0/&osid=1&passive=1209600&service=mail&ifkv=AeDOFXgLiAhrqIiPJibSvdTRIcsbwxTjKIGI2bk0SFeWhN9i6phEo1uncBo8r94_rIzxLED1W19XVA HTTP/1.1" 302 586
[2023-07-20 11:49:50,607] Luis-Gonzalez-Flores-MacBook-Pro/DEBUG/urllib3.connectionpool: https://accounts.google.com:443 "GET /v3/signin/identifier?dsh=S101681015%3A1689875390648525&continue=https%3A%2F%2Fmail.google.com%2Fmail%2Fu%2F0%2F&emr=1&followup=https%3A%2F%2Fmail.google.com%2Fmail%2Fu%2F0%2F&ifkv=AeDOFXiadU5vG8DvvQH3a13z4IzJPVQDgFFGavg2GSO0ehCu1WnGmaMKmoAjfX8BzuETH7r-yR6kbQ&osid=1&passive=1209600&service=mail&flowName=WebLiteSignIn&flowEntry=ServiceLogin HTTP/1.1" 200 None
[2023-07-20 11:49:51,698] Luis-Gonzalez-Flores-MacBook-Pro/DEBUG/urllib3.connectionpool: https://www.google.com:443 "GET /mail HTTP/1.1" 301 230
[2023-07-20 11:49:52,009] Luis-Gonzalez-Flores-MacBook-Pro/DEBUG/urllib3.connectionpool: https://mail.google.com:443 "GET /mail/u/0/ HTTP/1.1" 302 None
[2023-07-20 11:49:52,107] Luis-Gonzalez-Flores-MacBook-Pro/DEBUG/urllib3.connectionpool: https://accounts.google.com:443 "GET /ServiceLogin?service=mail&passive=1209600&osid=1&continue=https://mail.google.com/mail/u/0/&followup=https://mail.google.com/mail/u/0/&emr=1 HTTP/1.1" 302 None
[2023-07-20 11:49:52,236] Luis-Gonzalez-Flores-MacBook-Pro/DEBUG/urllib3.connectionpool: https://accounts.google.com:443 "GET /InteractiveLogin?continue=https://mail.google.com/mail/u/0/&emr=1&followup=https://mail.google.com/mail/u/0/&osid=1&passive=1209600&service=mail&ifkv=AeDOFXhXpothqpMogrXgHx0PM6d7IlWU8t2aVoGDTewW_Y3DviuMF3uDWtwNRDQ-EUbp1UfR9mof HTTP/1.1" 302 588
[2023-07-20 11:49:52,271] Luis-Gonzalez-Flores-MacBook-Pro/INFO/locust.main: --run-time limit reached, shutting down
[2023-07-20 11:49:52,271] Luis-Gonzalez-Flores-MacBook-Pro/DEBUG/locust.runners: Stopping all users
[2023-07-20 11:49:52,271] Luis-Gonzalez-Flores-MacBook-Pro/DEBUG/locust.runners: Stopping Greenlet-0
[2023-07-20 11:49:52,274] Luis-Gonzalez-Flores-MacBook-Pro/DEBUG/locust.runners: 1 users have been stopped, 0 still running
[2023-07-20 11:49:52,330] Luis-Gonzalez-Flores-MacBook-Pro/INFO/locust.main: writing html report to file: run_report
[2023-07-20 11:49:52,332] Luis-Gonzalez-Flores-MacBook-Pro/DEBUG/locust.main: Running teardowns...
[2023-07-20 11:49:52,332] Luis-Gonzalez-Flores-MacBook-Pro/INFO/locust.main: Shutting down (exit code 0)
[2023-07-20 11:49:52,332] Luis-Gonzalez-Flores-MacBook-Pro/DEBUG/locust.main: Cleaning up runner...
